-Xajruntimetarget:1.5
-Xlint:ignore
-1.8
-encoding
UTF-8
-source
1.8
-target
1.8
-classpath
C:\Users\S14\.m2\repository\junit\junit\4.12\junit-4.12.jar;C:\Users\S14\.m2\repository\log4j\log4j\1.2.17\log4j-1.2.17.jar;D:\project\calculator\lib\jtracer-1.0-SNAPSHOT-jar-with-dependencies.jar;C:\Users\S14\.m2\repository\org\hamcrest\hamcrest-core\1.3\hamcrest-core-1.3.jar;D:\project\calculator\target\classes
-aspectpath
D:\project\calculator\lib\jtracer-1.0-SNAPSHOT-jar-with-dependencies.jar
-d
D:\project\calculator\target\classes
-s
D:\project\calculator\target\generated-sources\aspectj-maven-plugin
D:\project\calculator\src\main\java\simplejavacalculator\BufferedImageCustom.java
D:\project\calculator\src\main\java\simplejavacalculator\Calculator.java
D:\project\calculator\src\main\java\simplejavacalculator\SimpleJavaCalculator.java
D:\project\calculator\src\main\java\simplejavacalculator\UI.java
